[2019-09-09 11:35:16] local.ERROR: The resource owner or authorization server denied the request. {"exception":"[object] (League\\OAuth2\\Server\\Exception\\OAuthServerException(code: 9): The resource owner or authorization server denied the request. at /var/www/ies3/vendor/league/oauth2-server/src/Exception/OAuthServerException.php:173)
[stacktrace]
#0 /var/www/ies3/vendor/league/oauth2-server/src/AuthorizationValidators/BearerTokenValidator.php(69): League\\OAuth2\\Server\\Exception\\OAuthServerException::accessDenied('Access token co...')
#1 /var/www/ies3/vendor/league/oauth2-server/src/ResourceServer.php(82): League\\OAuth2\\Server\\AuthorizationValidators\\BearerTokenValidator->validateAuthorization(Object(Zend\\Diactoros\\ServerRequest))
#2 /var/www/ies3/vendor/laravel/passport/src/Guards/TokenGuard.php(110): League\\OAuth2\\Server\\ResourceServer->validateAuthenticatedRequest(Object(Zend\\Diactoros\\ServerRequest))
#3 /var/www/ies3/vendor/laravel/passport/src/Guards/TokenGuard.php(90): Laravel\\Passport\\Guards\\TokenGuard->authenticateViaBearerToken(Object(Dingo\\Api\\Http\\Request))
#4 /var/www/ies3/vendor/laravel/passport/src/PassportServiceProvider.php(267): Laravel\\Passport\\Guards\\TokenGuard->user(Object(Dingo\\Api\\Http\\Request))
#5 [internal function]: Laravel\\Passport\\PassportServiceProvider->Laravel\\Passport\\{closure}(Object(Dingo\\Api\\Http\\Request), NULL)
#6 /var/www/ies3/vendor/laravel/framework/src/Illuminate/Auth/RequestGuard.php(58): call_user_func(Object(Closure), Object(Dingo\\Api\\Http\\Request), NULL)
#7 /var/www/ies3/app/Providers/PassportDingoProvider.php(57): Illuminate\\Auth\\RequestGuard->user()
#8 /var/www/ies3/vendor/dingo/api/src/Auth/Auth.php(82): App\\Providers\\PassportDingoProvider->authenticate(Object(Dingo\\Api\\Http\\Request), Object(Dingo\\Api\\Routing\\Route))
#9 /var/www/ies3/vendor/dingo/api/src/Http/Middleware/Auth.php(52): Dingo\\Api\\Auth\\Auth->authenticate(Array)
#10 /var/www/ies3/vendor/laravel/framework/src/Illuminate/Pipeline/Pipeline.php(149): Dingo\\Api\\Http\\Middleware\\Auth->handle(Object(Dingo\\Api\\Http\\Request), Object(Closure))
#11 /var/www/ies3/vendor/laravel/framework/src/Illuminate/Routing/Pipeline.php(53): Illuminate\\Pipeline\\Pipeline->Illuminate\\Pipeline\\{closure}(Object(Dingo\\Api\\Http\\Request))
#12 /var/www/ies3/vendor/dingo/api/src/Http/Middleware/RateLimit.php(70): Illuminate\\Routing\\Pipeline->Illuminate\\Routing\\{closure}(Object(Dingo\\Api\\Http\\Request))
#13 /var/www/ies3/vendor/laravel/framework/src/Illuminate/Pipeline/Pipeline.php(149): Dingo\\Api\\Http\\Middleware\\RateLimit->handle(Object(Dingo\\Api\\Http\\Request), Object(Closure))
#14 /var/www/ies3/vendor/laravel/framework/src/Illuminate/Routing/Pipeline.php(53): Illuminate\\Pipeline\\Pipeline->Illuminate\\Pipeline\\{closure}(Object(Dingo\\Api\\Http\\Request))
#15 /var/www/ies3/vendor/dingo/api/src/Http/Middleware/PrepareController.php(45): Illuminate\\Routing\\Pipeline->Illuminate\\Routing\\{closure}(Object(Dingo\\Api\\Http\\Request))
#16 /var/www/ies3/vendor/laravel/framework/src/Illuminate/Pipeline/Pipeline.php(149): Dingo\\Api\\Http\\Middleware\\PrepareController->handle(Object(Dingo\\Api\\Http\\Request), Object(Closure))
#17 /var/www/ies3/vendor/laravel/framework/src/Illuminate/Routing/Pipeline.php(53): Illuminate\\Pipeline\\Pipeline->Illuminate\\Pipeline\\{closure}(Object(Dingo\\Api\\Http\\Request))
#18 /var/www/ies3/vendor/laravel/framework/src/Illuminate/Pipeline/Pipeline.php(102): Illuminate\\Routing\\Pipeline->Illuminate\\Routing\\{closure}(Object(Dingo\\Api\\Http\\Request))
#19 /var/www/ies3/vendor/laravel/framework/src/Illuminate/Routing/Router.php(660): Illuminate\\Pipeline\\Pipeline->then(Object(Closure))
#20 /var/www/ies3/vendor/laravel/framework/src/Illuminate/Routing/Router.php(635): Illuminate\\Routing\\Router->runRouteWithinStack(Object(Illuminate\\Routing\\Route), Object(Dingo\\Api\\Http\\Request))
#21 /var/www/ies3/vendor/laravel/framework/src/Illuminate/Routing/Router.php(601): Illuminate\\Routing\\Router->runRoute(Object(Dingo\\Api\\Http\\Request), Object(Illuminate\\Routing\\Route))
#22 /var/www/ies3/vendor/laravel/framework/src/Illuminate/Routing/Router.php(590): Illuminate\\Routing\\Router->dispatchToRoute(Object(Dingo\\Api\\Http\\Request))
#23 /var/www/ies3/vendor/dingo/api/src/Routing/Adapter/Laravel.php(81): Illuminate\\Routing\\Router->dispatch(Object(Dingo\\Api\\Http\\Request))
#24 /var/www/ies3/vendor/dingo/api/src/Routing/Router.php(512): Dingo\\Api\\Routing\\Adapter\\Laravel->dispatch(Object(Dingo\\Api\\Http\\Request), 'v1')
#25 /var/www/ies3/vendor/dingo/api/src/Http/Middleware/Request.php(126): Dingo\\Api\\Routing\\Router->dispatch(Object(Dingo\\Api\\Http\\Request))
#26 /var/www/ies3/vendor/laravel/framework/src/Illuminate/Pipeline/Pipeline.php(114): Dingo\\Api\\Http\\Middleware\\Request->Dingo\\Api\\Http\\Middleware\\{closure}(Object(Dingo\\Api\\Http\\Request))
#27 /var/www/ies3/vendor/fideloper/proxy/src/TrustProxies.php(56): Illuminate\\Pipeline\\Pipeline->Illuminate\\Pipeline\\{closure}(Object(Dingo\\Api\\Http\\Request))
#28 /var/www/ies3/vendor/laravel/framework/src/Illuminate/Pipeline/Pipeline.php(149): Fideloper\\Proxy\\TrustProxies->handle(Object(Dingo\\Api\\Http\\Request), Object(Closure))
#29 /var/www/ies3/vendor/laravel/framework/src/Illuminate/Foundation/Http/Middleware/TransformsRequest.php(30): Illuminate\\Pipeline\\Pipeline->Illuminate\\Pipeline\\{closure}(Object(Dingo\\Api\\Http\\Request))
#30 /var/www/ies3/vendor/laravel/framework/src/Illuminate/Pipeline/Pipeline.php(149): Illuminate\\Foundation\\Http\\Middleware\\TransformsRequest->handle(Object(Dingo\\Api\\Http\\Request), Object(Closure))
#31 /var/www/ies3/vendor/laravel/framework/src/Illuminate/Foundation/Http/Middleware/TransformsRequest.php(30): Illuminate\\Pipeline\\Pipeline->Illuminate\\Pipeline\\{closure}(Object(Dingo\\Api\\Http\\Request))
#32 /var/www/ies3/vendor/laravel/framework/src/Illuminate/Pipeline/Pipeline.php(149): Illuminate\\Foundation\\Http\\Middleware\\TransformsRequest->handle(Object(Dingo\\Api\\Http\\Request), Object(Closure))
#33 /var/www/ies3/vendor/laravel/framework/src/Illuminate/Foundation/Http/Middleware/ValidatePostSize.php(27): Illuminate\\Pipeline\\Pipeline->Illuminate\\Pipeline\\{closure}(Object(Dingo\\Api\\Http\\Request))
#34 /var/www/ies3/vendor/laravel/framework/src/Illuminate/Pipeline/Pipeline.php(149): Illuminate\\Foundation\\Http\\Middleware\\ValidatePostSize->handle(Object(Dingo\\Api\\Http\\Request), Object(Closure))
#35 /var/www/ies3/vendor/laravel/framework/src/Illuminate/Foundation/Http/Middleware/CheckForMaintenanceMode.php(46): Illuminate\\Pipeline\\Pipeline->Illuminate\\Pipeline\\{closure}(Object(Dingo\\Api\\Http\\Request))
#36 /var/www/ies3/vendor/laravel/framework/src/Illuminate/Pipeline/Pipeline.php(149): Illuminate\\Foundation\\Http\\Middleware\\CheckForMaintenanceMode->handle(Object(Dingo\\Api\\Http\\Request), Object(Closure))
#37 /var/www/ies3/vendor/laravel/framework/src/Illuminate/Pipeline/Pipeline.php(102): Illuminate\\Pipeline\\Pipeline->Illuminate\\Pipeline\\{closure}(Object(Dingo\\Api\\Http\\Request))
#38 /var/www/ies3/vendor/dingo/api/src/Http/Middleware/Request.php(127): Illuminate\\Pipeline\\Pipeline->then(Object(Closure))
#39 /var/www/ies3/vendor/dingo/api/src/Http/Middleware/Request.php(103): Dingo\\Api\\Http\\Middleware\\Request->sendRequestThroughRouter(Object(Dingo\\Api\\Http\\Request))
#40 /var/www/ies3/vendor/laravel/framework/src/Illuminate/Pipeline/Pipeline.php(149): Dingo\\Api\\Http\\Middleware\\Request->handle(Object(Dingo\\Api\\Http\\Request), Object(Closure))
#41 /var/www/ies3/vendor/laravel/framework/src/Illuminate/Routing/Pipeline.php(53): Illuminate\\Pipeline\\Pipeline->Illuminate\\Pipeline\\{closure}(Object(Illuminate\\Http\\Request))
#42 /var/www/ies3/vendor/laravel/framework/src/Illuminate/Pipeline/Pipeline.php(102): Illuminate\\Routing\\Pipeline->Illuminate\\Routing\\{closure}(Object(Illuminate\\Http\\Request))
#43 /var/www/ies3/vendor/laravel/framework/src/Illuminate/Foundation/Http/Kernel.php(151): Illuminate\\Pipeline\\Pipeline->then(Object(Closure))
#44 /var/www/ies3/vendor/laravel/framework/src/Illuminate/Foundation/Http/Kernel.php(116): Illuminate\\Foundation\\Http\\Kernel->sendRequestThroughRouter(Object(Illuminate\\Http\\Request))
#45 /var/www/ies3/public/index.php(55): Illuminate\\Foundation\\Http\\Kernel->handle(Object(Illuminate\\Http\\Request))
#46 {main}
"} 
[2019-09-09 11:35:16] local.ERROR: The resource owner or authorization server denied the request. {"exception":"[object] (League\\OAuth2\\Server\\Exception\\OAuthServerException(code: 9): The resource owner or authorization server denied the request. at /var/www/ies3/vendor/league/oauth2-server/src/Exception/OAuthServerException.php:173)
[stacktrace]
#0 /var/www/ies3/app/Services/TeamModel/TeamModelBearerTokenValidator.php(60): League\\OAuth2\\Server\\Exception\\OAuthServerException::accessDenied('Access token co...')
#1 /var/www/ies3/vendor/league/oauth2-server/src/ResourceServer.php(82): App\\Services\\TeamModel\\TeamModelBearerTokenValidator->validateAuthorization(Object(Zend\\Diactoros\\ServerRequest))
#2 /var/www/ies3/app/Services/TeamModel/TeamModelTokenGuard.php(92): League\\OAuth2\\Server\\ResourceServer->validateAuthenticatedRequest(Object(Zend\\Diactoros\\ServerRequest))
#3 /var/www/ies3/app/Services/TeamModel/TeamModelTokenGuard.php(73): App\\Services\\TeamModel\\TeamModelTokenGuard->authenticateViaBearerToken(Object(Dingo\\Api\\Http\\Request))
#4 /var/www/ies3/app/Providers/AuthServiceProvider.php(75): App\\Services\\TeamModel\\TeamModelTokenGuard->user(Object(Dingo\\Api\\Http\\Request))
#5 [internal function]: App\\Providers\\AuthServiceProvider->App\\Providers\\{closure}(Object(Dingo\\Api\\Http\\Request), NULL)
#6 /var/www/ies3/vendor/laravel/framework/src/Illuminate/Auth/RequestGuard.php(58): call_user_func(Object(Closure), Object(Dingo\\Api\\Http\\Request), NULL)
#7 /var/www/ies3/app/Providers/TeamModelDingoProvider.php(57): Illuminate\\Auth\\RequestGuard->user()
#8 /var/www/ies3/vendor/dingo/api/src/Auth/Auth.php(82): App\\Providers\\TeamModelDingoProvider->authenticate(Object(Dingo\\Api\\Http\\Request), Object(Dingo\\Api\\Routing\\Route))
#9 /var/www/ies3/vendor/dingo/api/src/Http/Middleware/Auth.php(52): Dingo\\Api\\Auth\\Auth->authenticate(Array)
#10 /var/www/ies3/vendor/laravel/framework/src/Illuminate/Pipeline/Pipeline.php(149): Dingo\\Api\\Http\\Middleware\\Auth->handle(Object(Dingo\\Api\\Http\\Request), Object(Closure))
#11 /var/www/ies3/vendor/laravel/framework/src/Illuminate/Routing/Pipeline.php(53): Illuminate\\Pipeline\\Pipeline->Illuminate\\Pipeline\\{closure}(Object(Dingo\\Api\\Http\\Request))
#12 /var/www/ies3/vendor/dingo/api/src/Http/Middleware/RateLimit.php(70): Illuminate\\Routing\\Pipeline->Illuminate\\Routing\\{closure}(Object(Dingo\\Api\\Http\\Request))
#13 /var/www/ies3/vendor/laravel/framework/src/Illuminate/Pipeline/Pipeline.php(149): Dingo\\Api\\Http\\Middleware\\RateLimit->handle(Object(Dingo\\Api\\Http\\Request), Object(Closure))
#14 /var/www/ies3/vendor/laravel/framework/src/Illuminate/Routing/Pipeline.php(53): Illuminate\\Pipeline\\Pipeline->Illuminate\\Pipeline\\{closure}(Object(Dingo\\Api\\Http\\Request))
#15 /var/www/ies3/vendor/dingo/api/src/Http/Middleware/PrepareController.php(45): Illuminate\\Routing\\Pipeline->Illuminate\\Routing\\{closure}(Object(Dingo\\Api\\Http\\Request))
#16 /var/www/ies3/vendor/laravel/framework/src/Illuminate/Pipeline/Pipeline.php(149): Dingo\\Api\\Http\\Middleware\\PrepareController->handle(Object(Dingo\\Api\\Http\\Request), Object(Closure))
#17 /var/www/ies3/vendor/laravel/framework/src/Illuminate/Routing/Pipeline.php(53): Illuminate\\Pipeline\\Pipeline->Illuminate\\Pipeline\\{closure}(Object(Dingo\\Api\\Http\\Request))
#18 /var/www/ies3/vendor/laravel/framework/src/Illuminate/Pipeline/Pipeline.php(102): Illuminate\\Routing\\Pipeline->Illuminate\\Routing\\{closure}(Object(Dingo\\Api\\Http\\Request))
#19 /var/www/ies3/vendor/laravel/framework/src/Illuminate/Routing/Router.php(660): Illuminate\\Pipeline\\Pipeline->then(Object(Closure))
#20 /var/www/ies3/vendor/laravel/framework/src/Illuminate/Routing/Router.php(635): Illuminate\\Routing\\Router->runRouteWithinStack(Object(Illuminate\\Routing\\Route), Object(Dingo\\Api\\Http\\Request))
#21 /var/www/ies3/vendor/laravel/framework/src/Illuminate/Routing/Router.php(601): Illuminate\\Routing\\Router->runRoute(Object(Dingo\\Api\\Http\\Request), Object(Illuminate\\Routing\\Route))
#22 /var/www/ies3/vendor/laravel/framework/src/Illuminate/Routing/Router.php(590): Illuminate\\Routing\\Router->dispatchToRoute(Object(Dingo\\Api\\Http\\Request))
#23 /var/www/ies3/vendor/dingo/api/src/Routing/Adapter/Laravel.php(81): Illuminate\\Routing\\Router->dispatch(Object(Dingo\\Api\\Http\\Request))
#24 /var/www/ies3/vendor/dingo/api/src/Routing/Router.php(512): Dingo\\Api\\Routing\\Adapter\\Laravel->dispatch(Object(Dingo\\Api\\Http\\Request), 'v1')
#25 /var/www/ies3/vendor/dingo/api/src/Http/Middleware/Request.php(126): Dingo\\Api\\Routing\\Router->dispatch(Object(Dingo\\Api\\Http\\Request))
#26 /var/www/ies3/vendor/laravel/framework/src/Illuminate/Pipeline/Pipeline.php(114): Dingo\\Api\\Http\\Middleware\\Request->Dingo\\Api\\Http\\Middleware\\{closure}(Object(Dingo\\Api\\Http\\Request))
#27 /var/www/ies3/vendor/fideloper/proxy/src/TrustProxies.php(56): Illuminate\\Pipeline\\Pipeline->Illuminate\\Pipeline\\{closure}(Object(Dingo\\Api\\Http\\Request))
#28 /var/www/ies3/vendor/laravel/framework/src/Illuminate/Pipeline/Pipeline.php(149): Fideloper\\Proxy\\TrustProxies->handle(Object(Dingo\\Api\\Http\\Request), Object(Closure))
#29 /var/www/ies3/vendor/laravel/framework/src/Illuminate/Foundation/Http/Middleware/TransformsRequest.php(30): Illuminate\\Pipeline\\Pipeline->Illuminate\\Pipeline\\{closure}(Object(Dingo\\Api\\Http\\Request))
#30 /var/www/ies3/vendor/laravel/framework/src/Illuminate/Pipeline/Pipeline.php(149): Illuminate\\Foundation\\Http\\Middleware\\TransformsRequest->handle(Object(Dingo\\Api\\Http\\Request), Object(Closure))
#31 /var/www/ies3/vendor/laravel/framework/src/Illuminate/Foundation/Http/Middleware/TransformsRequest.php(30): Illuminate\\Pipeline\\Pipeline->Illuminate\\Pipeline\\{closure}(Object(Dingo\\Api\\Http\\Request))
#32 /var/www/ies3/vendor/laravel/framework/src/Illuminate/Pipeline/Pipeline.php(149): Illuminate\\Foundation\\Http\\Middleware\\TransformsRequest->handle(Object(Dingo\\Api\\Http\\Request), Object(Closure))
#33 /var/www/ies3/vendor/laravel/framework/src/Illuminate/Foundation/Http/Middleware/ValidatePostSize.php(27): Illuminate\\Pipeline\\Pipeline->Illuminate\\Pipeline\\{closure}(Object(Dingo\\Api\\Http\\Request))
#34 /var/www/ies3/vendor/laravel/framework/src/Illuminate/Pipeline/Pipeline.php(149): Illuminate\\Foundation\\Http\\Middleware\\ValidatePostSize->handle(Object(Dingo\\Api\\Http\\Request), Object(Closure))
#35 /var/www/ies3/vendor/laravel/framework/src/Illuminate/Foundation/Http/Middleware/CheckForMaintenanceMode.php(46): Illuminate\\Pipeline\\Pipeline->Illuminate\\Pipeline\\{closure}(Object(Dingo\\Api\\Http\\Request))
#36 /var/www/ies3/vendor/laravel/framework/src/Illuminate/Pipeline/Pipeline.php(149): Illuminate\\Foundation\\Http\\Middleware\\CheckForMaintenanceMode->handle(Object(Dingo\\Api\\Http\\Request), Object(Closure))
#37 /var/www/ies3/vendor/laravel/framework/src/Illuminate/Pipeline/Pipeline.php(102): Illuminate\\Pipeline\\Pipeline->Illuminate\\Pipeline\\{closure}(Object(Dingo\\Api\\Http\\Request))
#38 /var/www/ies3/vendor/dingo/api/src/Http/Middleware/Request.php(127): Illuminate\\Pipeline\\Pipeline->then(Object(Closure))
#39 /var/www/ies3/vendor/dingo/api/src/Http/Middleware/Request.php(103): Dingo\\Api\\Http\\Middleware\\Request->sendRequestThroughRouter(Object(Dingo\\Api\\Http\\Request))
#40 /var/www/ies3/vendor/laravel/framework/src/Illuminate/Pipeline/Pipeline.php(149): Dingo\\Api\\Http\\Middleware\\Request->handle(Object(Dingo\\Api\\Http\\Request), Object(Closure))
#41 /var/www/ies3/vendor/laravel/framework/src/Illuminate/Routing/Pipeline.php(53): Illuminate\\Pipeline\\Pipeline->Illuminate\\Pipeline\\{closure}(Object(Illuminate\\Http\\Request))
#42 /var/www/ies3/vendor/laravel/framework/src/Illuminate/Pipeline/Pipeline.php(102): Illuminate\\Routing\\Pipeline->Illuminate\\Routing\\{closure}(Object(Illuminate\\Http\\Request))
#43 /var/www/ies3/vendor/laravel/framework/src/Illuminate/Foundation/Http/Kernel.php(151): Illuminate\\Pipeline\\Pipeline->then(Object(Closure))
#44 /var/www/ies3/vendor/laravel/framework/src/Illuminate/Foundation/Http/Kernel.php(116): Illuminate\\Foundation\\Http\\Kernel->sendRequestThroughRouter(Object(Illuminate\\Http\\Request))
#45 /var/www/ies3/public/index.php(55): Illuminate\\Foundation\\Http\\Kernel->handle(Object(Illuminate\\Http\\Request))
#46 {main}
"} 
[2019-09-09 14:20:55] local.ERROR: The resource owner or authorization server denied the request. {"exception":"[object] (League\\OAuth2\\Server\\Exception\\OAuthServerException(code: 9): The resource owner or authorization server denied the request. at /var/www/ies3/vendor/league/oauth2-server/src/Exception/OAuthServerException.php:173)
[stacktrace]
#0 /var/www/ies3/vendor/league/oauth2-server/src/AuthorizationValidators/BearerTokenValidator.php(69): League\\OAuth2\\Server\\Exception\\OAuthServerException::accessDenied('Access token co...')
#1 /var/www/ies3/vendor/league/oauth2-server/src/ResourceServer.php(82): League\\OAuth2\\Server\\AuthorizationValidators\\BearerTokenValidator->validateAuthorization(Object(Zend\\Diactoros\\ServerRequest))
#2 /var/www/ies3/vendor/laravel/passport/src/Guards/TokenGuard.php(110): League\\OAuth2\\Server\\ResourceServer->validateAuthenticatedRequest(Object(Zend\\Diactoros\\ServerRequest))
#3 /var/www/ies3/vendor/laravel/passport/src/Guards/TokenGuard.php(90): Laravel\\Passport\\Guards\\TokenGuard->authenticateViaBearerToken(Object(Dingo\\Api\\Http\\Request))
#4 /var/www/ies3/vendor/laravel/passport/src/PassportServiceProvider.php(267): Laravel\\Passport\\Guards\\TokenGuard->user(Object(Dingo\\Api\\Http\\Request))
#5 [internal function]: Laravel\\Passport\\PassportServiceProvider->Laravel\\Passport\\{closure}(Object(Dingo\\Api\\Http\\Request), NULL)
#6 /var/www/ies3/vendor/laravel/framework/src/Illuminate/Auth/RequestGuard.php(58): call_user_func(Object(Closure), Object(Dingo\\Api\\Http\\Request), NULL)
#7 /var/www/ies3/app/Providers/PassportDingoProvider.php(57): Illuminate\\Auth\\RequestGuard->user()
#8 /var/www/ies3/vendor/dingo/api/src/Auth/Auth.php(82): App\\Providers\\PassportDingoProvider->authenticate(Object(Dingo\\Api\\Http\\Request), Object(Dingo\\Api\\Routing\\Route))
#9 /var/www/ies3/vendor/dingo/api/src/Http/Middleware/Auth.php(52): Dingo\\Api\\Auth\\Auth->authenticate(Array)
#10 /var/www/ies3/vendor/laravel/framework/src/Illuminate/Pipeline/Pipeline.php(149): Dingo\\Api\\Http\\Middleware\\Auth->handle(Object(Dingo\\Api\\Http\\Request), Object(Closure))
#11 /var/www/ies3/vendor/laravel/framework/src/Illuminate/Routing/Pipeline.php(53): Illuminate\\Pipeline\\Pipeline->Illuminate\\Pipeline\\{closure}(Object(Dingo\\Api\\Http\\Request))
#12 /var/www/ies3/vendor/dingo/api/src/Http/Middleware/RateLimit.php(70): Illuminate\\Routing\\Pipeline->Illuminate\\Routing\\{closure}(Object(Dingo\\Api\\Http\\Request))
#13 /var/www/ies3/vendor/laravel/framework/src/Illuminate/Pipeline/Pipeline.php(149): Dingo\\Api\\Http\\Middleware\\RateLimit->handle(Object(Dingo\\Api\\Http\\Request), Object(Closure))
#14 /var/www/ies3/vendor/laravel/framework/src/Illuminate/Routing/Pipeline.php(53): Illuminate\\Pipeline\\Pipeline->Illuminate\\Pipeline\\{closure}(Object(Dingo\\Api\\Http\\Request))
#15 /var/www/ies3/vendor/dingo/api/src/Http/Middleware/PrepareController.php(45): Illuminate\\Routing\\Pipeline->Illuminate\\Routing\\{closure}(Object(Dingo\\Api\\Http\\Request))
#16 /var/www/ies3/vendor/laravel/framework/src/Illuminate/Pipeline/Pipeline.php(149): Dingo\\Api\\Http\\Middleware\\PrepareController->handle(Object(Dingo\\Api\\Http\\Request), Object(Closure))
#17 /var/www/ies3/vendor/laravel/framework/src/Illuminate/Routing/Pipeline.php(53): Illuminate\\Pipeline\\Pipeline->Illuminate\\Pipeline\\{closure}(Object(Dingo\\Api\\Http\\Request))
#18 /var/www/ies3/vendor/laravel/framework/src/Illuminate/Pipeline/Pipeline.php(102): Illuminate\\Routing\\Pipeline->Illuminate\\Routing\\{closure}(Object(Dingo\\Api\\Http\\Request))
#19 /var/www/ies3/vendor/laravel/framework/src/Illuminate/Routing/Router.php(660): Illuminate\\Pipeline\\Pipeline->then(Object(Closure))
#20 /var/www/ies3/vendor/laravel/framework/src/Illuminate/Routing/Router.php(635): Illuminate\\Routing\\Router->runRouteWithinStack(Object(Illuminate\\Routing\\Route), Object(Dingo\\Api\\Http\\Request))
#21 /var/www/ies3/vendor/laravel/framework/src/Illuminate/Routing/Router.php(601): Illuminate\\Routing\\Router->runRoute(Object(Dingo\\Api\\Http\\Request), Object(Illuminate\\Routing\\Route))
#22 /var/www/ies3/vendor/laravel/framework/src/Illuminate/Routing/Router.php(590): Illuminate\\Routing\\Router->dispatchToRoute(Object(Dingo\\Api\\Http\\Request))
#23 /var/www/ies3/vendor/dingo/api/src/Routing/Adapter/Laravel.php(81): Illuminate\\Routing\\Router->dispatch(Object(Dingo\\Api\\Http\\Request))
#24 /var/www/ies3/vendor/dingo/api/src/Routing/Router.php(512): Dingo\\Api\\Routing\\Adapter\\Laravel->dispatch(Object(Dingo\\Api\\Http\\Request), 'v1')
#25 /var/www/ies3/vendor/dingo/api/src/Http/Middleware/Request.php(126): Dingo\\Api\\Routing\\Router->dispatch(Object(Dingo\\Api\\Http\\Request))
#26 /var/www/ies3/vendor/laravel/framework/src/Illuminate/Pipeline/Pipeline.php(114): Dingo\\Api\\Http\\Middleware\\Request->Dingo\\Api\\Http\\Middleware\\{closure}(Object(Dingo\\Api\\Http\\Request))
#27 /var/www/ies3/vendor/fideloper/proxy/src/TrustProxies.php(56): Illuminate\\Pipeline\\Pipeline->Illuminate\\Pipeline\\{closure}(Object(Dingo\\Api\\Http\\Request))
#28 /var/www/ies3/vendor/laravel/framework/src/Illuminate/Pipeline/Pipeline.php(149): Fideloper\\Proxy\\TrustProxies->handle(Object(Dingo\\Api\\Http\\Request), Object(Closure))
#29 /var/www/ies3/vendor/laravel/framework/src/Illuminate/Foundation/Http/Middleware/TransformsRequest.php(30): Illuminate\\Pipeline\\Pipeline->Illuminate\\Pipeline\\{closure}(Object(Dingo\\Api\\Http\\Request))
#30 /var/www/ies3/vendor/laravel/framework/src/Illuminate/Pipeline/Pipeline.php(149): Illuminate\\Foundation\\Http\\Middleware\\TransformsRequest->handle(Object(Dingo\\Api\\Http\\Request), Object(Closure))
#31 /var/www/ies3/vendor/laravel/framework/src/Illuminate/Foundation/Http/Middleware/TransformsRequest.php(30): Illuminate\\Pipeline\\Pipeline->Illuminate\\Pipeline\\{closure}(Object(Dingo\\Api\\Http\\Request))
#32 /var/www/ies3/vendor/laravel/framework/src/Illuminate/Pipeline/Pipeline.php(149): Illuminate\\Foundation\\Http\\Middleware\\TransformsRequest->handle(Object(Dingo\\Api\\Http\\Request), Object(Closure))
#33 /var/www/ies3/vendor/laravel/framework/src/Illuminate/Foundation/Http/Middleware/ValidatePostSize.php(27): Illuminate\\Pipeline\\Pipeline->Illuminate\\Pipeline\\{closure}(Object(Dingo\\Api\\Http\\Request))
#34 /var/www/ies3/vendor/laravel/framework/src/Illuminate/Pipeline/Pipeline.php(149): Illuminate\\Foundation\\Http\\Middleware\\ValidatePostSize->handle(Object(Dingo\\Api\\Http\\Request), Object(Closure))
#35 /var/www/ies3/vendor/laravel/framework/src/Illuminate/Foundation/Http/Middleware/CheckForMaintenanceMode.php(46): Illuminate\\Pipeline\\Pipeline->Illuminate\\Pipeline\\{closure}(Object(Dingo\\Api\\Http\\Request))
#36 /var/www/ies3/vendor/laravel/framework/src/Illuminate/Pipeline/Pipeline.php(149): Illuminate\\Foundation\\Http\\Middleware\\CheckForMaintenanceMode->handle(Object(Dingo\\Api\\Http\\Request), Object(Closure))
#37 /var/www/ies3/vendor/laravel/framework/src/Illuminate/Pipeline/Pipeline.php(102): Illuminate\\Pipeline\\Pipeline->Illuminate\\Pipeline\\{closure}(Object(Dingo\\Api\\Http\\Request))
#38 /var/www/ies3/vendor/dingo/api/src/Http/Middleware/Request.php(127): Illuminate\\Pipeline\\Pipeline->then(Object(Closure))
#39 /var/www/ies3/vendor/dingo/api/src/Http/Middleware/Request.php(103): Dingo\\Api\\Http\\Middleware\\Request->sendRequestThroughRouter(Object(Dingo\\Api\\Http\\Request))
#40 /var/www/ies3/vendor/laravel/framework/src/Illuminate/Pipeline/Pipeline.php(149): Dingo\\Api\\Http\\Middleware\\Request->handle(Object(Dingo\\Api\\Http\\Request), Object(Closure))
#41 /var/www/ies3/vendor/laravel/framework/src/Illuminate/Routing/Pipeline.php(53): Illuminate\\Pipeline\\Pipeline->Illuminate\\Pipeline\\{closure}(Object(Illuminate\\Http\\Request))
#42 /var/www/ies3/vendor/laravel/framework/src/Illuminate/Pipeline/Pipeline.php(102): Illuminate\\Routing\\Pipeline->Illuminate\\Routing\\{closure}(Object(Illuminate\\Http\\Request))
#43 /var/www/ies3/vendor/laravel/framework/src/Illuminate/Foundation/Http/Kernel.php(151): Illuminate\\Pipeline\\Pipeline->then(Object(Closure))
#44 /var/www/ies3/vendor/laravel/framework/src/Illuminate/Foundation/Http/Kernel.php(116): Illuminate\\Foundation\\Http\\Kernel->sendRequestThroughRouter(Object(Illuminate\\Http\\Request))
#45 /var/www/ies3/public/index.php(55): Illuminate\\Foundation\\Http\\Kernel->handle(Object(Illuminate\\Http\\Request))
#46 {main}
"} 
[2019-09-09 14:20:55] local.ERROR: The resource owner or authorization server denied the request. {"exception":"[object] (League\\OAuth2\\Server\\Exception\\OAuthServerException(code: 9): The resource owner or authorization server denied the request. at /var/www/ies3/vendor/league/oauth2-server/src/Exception/OAuthServerException.php:173)
[stacktrace]
#0 /var/www/ies3/app/Services/TeamModel/TeamModelBearerTokenValidator.php(60): League\\OAuth2\\Server\\Exception\\OAuthServerException::accessDenied('Access token co...')
#1 /var/www/ies3/vendor/league/oauth2-server/src/ResourceServer.php(82): App\\Services\\TeamModel\\TeamModelBearerTokenValidator->validateAuthorization(Object(Zend\\Diactoros\\ServerRequest))
#2 /var/www/ies3/app/Services/TeamModel/TeamModelTokenGuard.php(92): League\\OAuth2\\Server\\ResourceServer->validateAuthenticatedRequest(Object(Zend\\Diactoros\\ServerRequest))
#3 /var/www/ies3/app/Services/TeamModel/TeamModelTokenGuard.php(73): App\\Services\\TeamModel\\TeamModelTokenGuard->authenticateViaBearerToken(Object(Dingo\\Api\\Http\\Request))
#4 /var/www/ies3/app/Providers/AuthServiceProvider.php(75): App\\Services\\TeamModel\\TeamModelTokenGuard->user(Object(Dingo\\Api\\Http\\Request))
#5 [internal function]: App\\Providers\\AuthServiceProvider->App\\Providers\\{closure}(Object(Dingo\\Api\\Http\\Request), NULL)
#6 /var/www/ies3/vendor/laravel/framework/src/Illuminate/Auth/RequestGuard.php(58): call_user_func(Object(Closure), Object(Dingo\\Api\\Http\\Request), NULL)
#7 /var/www/ies3/app/Providers/TeamModelDingoProvider.php(57): Illuminate\\Auth\\RequestGuard->user()
#8 /var/www/ies3/vendor/dingo/api/src/Auth/Auth.php(82): App\\Providers\\TeamModelDingoProvider->authenticate(Object(Dingo\\Api\\Http\\Request), Object(Dingo\\Api\\Routing\\Route))
#9 /var/www/ies3/vendor/dingo/api/src/Http/Middleware/Auth.php(52): Dingo\\Api\\Auth\\Auth->authenticate(Array)
#10 /var/www/ies3/vendor/laravel/framework/src/Illuminate/Pipeline/Pipeline.php(149): Dingo\\Api\\Http\\Middleware\\Auth->handle(Object(Dingo\\Api\\Http\\Request), Object(Closure))
#11 /var/www/ies3/vendor/laravel/framework/src/Illuminate/Routing/Pipeline.php(53): Illuminate\\Pipeline\\Pipeline->Illuminate\\Pipeline\\{closure}(Object(Dingo\\Api\\Http\\Request))
#12 /var/www/ies3/vendor/dingo/api/src/Http/Middleware/RateLimit.php(70): Illuminate\\Routing\\Pipeline->Illuminate\\Routing\\{closure}(Object(Dingo\\Api\\Http\\Request))
#13 /var/www/ies3/vendor/laravel/framework/src/Illuminate/Pipeline/Pipeline.php(149): Dingo\\Api\\Http\\Middleware\\RateLimit->handle(Object(Dingo\\Api\\Http\\Request), Object(Closure))
#14 /var/www/ies3/vendor/laravel/framework/src/Illuminate/Routing/Pipeline.php(53): Illuminate\\Pipeline\\Pipeline->Illuminate\\Pipeline\\{closure}(Object(Dingo\\Api\\Http\\Request))
#15 /var/www/ies3/vendor/dingo/api/src/Http/Middleware/PrepareController.php(45): Illuminate\\Routing\\Pipeline->Illuminate\\Routing\\{closure}(Object(Dingo\\Api\\Http\\Request))
#16 /var/www/ies3/vendor/laravel/framework/src/Illuminate/Pipeline/Pipeline.php(149): Dingo\\Api\\Http\\Middleware\\PrepareController->handle(Object(Dingo\\Api\\Http\\Request), Object(Closure))
#17 /var/www/ies3/vendor/laravel/framework/src/Illuminate/Routing/Pipeline.php(53): Illuminate\\Pipeline\\Pipeline->Illuminate\\Pipeline\\{closure}(Object(Dingo\\Api\\Http\\Request))
#18 /var/www/ies3/vendor/laravel/framework/src/Illuminate/Pipeline/Pipeline.php(102): Illuminate\\Routing\\Pipeline->Illuminate\\Routing\\{closure}(Object(Dingo\\Api\\Http\\Request))
#19 /var/www/ies3/vendor/laravel/framework/src/Illuminate/Routing/Router.php(660): Illuminate\\Pipeline\\Pipeline->then(Object(Closure))
#20 /var/www/ies3/vendor/laravel/framework/src/Illuminate/Routing/Router.php(635): Illuminate\\Routing\\Router->runRouteWithinStack(Object(Illuminate\\Routing\\Route), Object(Dingo\\Api\\Http\\Request))
#21 /var/www/ies3/vendor/laravel/framework/src/Illuminate/Routing/Router.php(601): Illuminate\\Routing\\Router->runRoute(Object(Dingo\\Api\\Http\\Request), Object(Illuminate\\Routing\\Route))
#22 /var/www/ies3/vendor/laravel/framework/src/Illuminate/Routing/Router.php(590): Illuminate\\Routing\\Router->dispatchToRoute(Object(Dingo\\Api\\Http\\Request))
#23 /var/www/ies3/vendor/dingo/api/src/Routing/Adapter/Laravel.php(81): Illuminate\\Routing\\Router->dispatch(Object(Dingo\\Api\\Http\\Request))
#24 /var/www/ies3/vendor/dingo/api/src/Routing/Router.php(512): Dingo\\Api\\Routing\\Adapter\\Laravel->dispatch(Object(Dingo\\Api\\Http\\Request), 'v1')
#25 /var/www/ies3/vendor/dingo/api/src/Http/Middleware/Request.php(126): Dingo\\Api\\Routing\\Router->dispatch(Object(Dingo\\Api\\Http\\Request))
#26 /var/www/ies3/vendor/laravel/framework/src/Illuminate/Pipeline/Pipeline.php(114): Dingo\\Api\\Http\\Middleware\\Request->Dingo\\Api\\Http\\Middleware\\{closure}(Object(Dingo\\Api\\Http\\Request))
#27 /var/www/ies3/vendor/fideloper/proxy/src/TrustProxies.php(56): Illuminate\\Pipeline\\Pipeline->Illuminate\\Pipeline\\{closure}(Object(Dingo\\Api\\Http\\Request))
#28 /var/www/ies3/vendor/laravel/framework/src/Illuminate/Pipeline/Pipeline.php(149): Fideloper\\Proxy\\TrustProxies->handle(Object(Dingo\\Api\\Http\\Request), Object(Closure))
#29 /var/www/ies3/vendor/laravel/framework/src/Illuminate/Foundation/Http/Middleware/TransformsRequest.php(30): Illuminate\\Pipeline\\Pipeline->Illuminate\\Pipeline\\{closure}(Object(Dingo\\Api\\Http\\Request))
#30 /var/www/ies3/vendor/laravel/framework/src/Illuminate/Pipeline/Pipeline.php(149): Illuminate\\Foundation\\Http\\Middleware\\TransformsRequest->handle(Object(Dingo\\Api\\Http\\Request), Object(Closure))
#31 /var/www/ies3/vendor/laravel/framework/src/Illuminate/Foundation/Http/Middleware/TransformsRequest.php(30): Illuminate\\Pipeline\\Pipeline->Illuminate\\Pipeline\\{closure}(Object(Dingo\\Api\\Http\\Request))
#32 /var/www/ies3/vendor/laravel/framework/src/Illuminate/Pipeline/Pipeline.php(149): Illuminate\\Foundation\\Http\\Middleware\\TransformsRequest->handle(Object(Dingo\\Api\\Http\\Request), Object(Closure))
#33 /var/www/ies3/vendor/laravel/framework/src/Illuminate/Foundation/Http/Middleware/ValidatePostSize.php(27): Illuminate\\Pipeline\\Pipeline->Illuminate\\Pipeline\\{closure}(Object(Dingo\\Api\\Http\\Request))
#34 /var/www/ies3/vendor/laravel/framework/src/Illuminate/Pipeline/Pipeline.php(149): Illuminate\\Foundation\\Http\\Middleware\\ValidatePostSize->handle(Object(Dingo\\Api\\Http\\Request), Object(Closure))
#35 /var/www/ies3/vendor/laravel/framework/src/Illuminate/Foundation/Http/Middleware/CheckForMaintenanceMode.php(46): Illuminate\\Pipeline\\Pipeline->Illuminate\\Pipeline\\{closure}(Object(Dingo\\Api\\Http\\Request))
#36 /var/www/ies3/vendor/laravel/framework/src/Illuminate/Pipeline/Pipeline.php(149): Illuminate\\Foundation\\Http\\Middleware\\CheckForMaintenanceMode->handle(Object(Dingo\\Api\\Http\\Request), Object(Closure))
#37 /var/www/ies3/vendor/laravel/framework/src/Illuminate/Pipeline/Pipeline.php(102): Illuminate\\Pipeline\\Pipeline->Illuminate\\Pipeline\\{closure}(Object(Dingo\\Api\\Http\\Request))
#38 /var/www/ies3/vendor/dingo/api/src/Http/Middleware/Request.php(127): Illuminate\\Pipeline\\Pipeline->then(Object(Closure))
#39 /var/www/ies3/vendor/dingo/api/src/Http/Middleware/Request.php(103): Dingo\\Api\\Http\\Middleware\\Request->sendRequestThroughRouter(Object(Dingo\\Api\\Http\\Request))
#40 /var/www/ies3/vendor/laravel/framework/src/Illuminate/Pipeline/Pipeline.php(149): Dingo\\Api\\Http\\Middleware\\Request->handle(Object(Dingo\\Api\\Http\\Request), Object(Closure))
#41 /var/www/ies3/vendor/laravel/framework/src/Illuminate/Routing/Pipeline.php(53): Illuminate\\Pipeline\\Pipeline->Illuminate\\Pipeline\\{closure}(Object(Illuminate\\Http\\Request))
#42 /var/www/ies3/vendor/laravel/framework/src/Illuminate/Pipeline/Pipeline.php(102): Illuminate\\Routing\\Pipeline->Illuminate\\Routing\\{closure}(Object(Illuminate\\Http\\Request))
#43 /var/www/ies3/vendor/laravel/framework/src/Illuminate/Foundation/Http/Kernel.php(151): Illuminate\\Pipeline\\Pipeline->then(Object(Closure))
#44 /var/www/ies3/vendor/laravel/framework/src/Illuminate/Foundation/Http/Kernel.php(116): Illuminate\\Foundation\\Http\\Kernel->sendRequestThroughRouter(Object(Illuminate\\Http\\Request))
#45 /var/www/ies3/public/index.php(55): Illuminate\\Foundation\\Http\\Kernel->handle(Object(Illuminate\\Http\\Request))
#46 {main}
"} 
[2019-09-09 14:23:27] local.ERROR: The resource owner or authorization server denied the request. {"exception":"[object] (League\\OAuth2\\Server\\Exception\\OAuthServerException(code: 9): The resource owner or authorization server denied the request. at /var/www/ies3/vendor/league/oauth2-server/src/Exception/OAuthServerException.php:173)
[stacktrace]
#0 /var/www/ies3/vendor/league/oauth2-server/src/AuthorizationValidators/BearerTokenValidator.php(69): League\\OAuth2\\Server\\Exception\\OAuthServerException::accessDenied('Access token co...')
#1 /var/www/ies3/vendor/league/oauth2-server/src/ResourceServer.php(82): League\\OAuth2\\Server\\AuthorizationValidators\\BearerTokenValidator->validateAuthorization(Object(Zend\\Diactoros\\ServerRequest))
#2 /var/www/ies3/vendor/laravel/passport/src/Guards/TokenGuard.php(110): League\\OAuth2\\Server\\ResourceServer->validateAuthenticatedRequest(Object(Zend\\Diactoros\\ServerRequest))
#3 /var/www/ies3/vendor/laravel/passport/src/Guards/TokenGuard.php(90): Laravel\\Passport\\Guards\\TokenGuard->authenticateViaBearerToken(Object(Dingo\\Api\\Http\\Request))
#4 /var/www/ies3/vendor/laravel/passport/src/PassportServiceProvider.php(267): Laravel\\Passport\\Guards\\TokenGuard->user(Object(Dingo\\Api\\Http\\Request))
#5 [internal function]: Laravel\\Passport\\PassportServiceProvider->Laravel\\Passport\\{closure}(Object(Dingo\\Api\\Http\\Request), NULL)
#6 /var/www/ies3/vendor/laravel/framework/src/Illuminate/Auth/RequestGuard.php(58): call_user_func(Object(Closure), Object(Dingo\\Api\\Http\\Request), NULL)
#7 /var/www/ies3/app/Providers/PassportDingoProvider.php(57): Illuminate\\Auth\\RequestGuard->user()
#8 /var/www/ies3/vendor/dingo/api/src/Auth/Auth.php(82): App\\Providers\\PassportDingoProvider->authenticate(Object(Dingo\\Api\\Http\\Request), Object(Dingo\\Api\\Routing\\Route))
#9 /var/www/ies3/vendor/dingo/api/src/Http/Middleware/Auth.php(52): Dingo\\Api\\Auth\\Auth->authenticate(Array)
#10 /var/www/ies3/vendor/laravel/framework/src/Illuminate/Pipeline/Pipeline.php(149): Dingo\\Api\\Http\\Middleware\\Auth->handle(Object(Dingo\\Api\\Http\\Request), Object(Closure))
#11 /var/www/ies3/vendor/laravel/framework/src/Illuminate/Routing/Pipeline.php(53): Illuminate\\Pipeline\\Pipeline->Illuminate\\Pipeline\\{closure}(Object(Dingo\\Api\\Http\\Request))
#12 /var/www/ies3/vendor/dingo/api/src/Http/Middleware/RateLimit.php(70): Illuminate\\Routing\\Pipeline->Illuminate\\Routing\\{closure}(Object(Dingo\\Api\\Http\\Request))
#13 /var/www/ies3/vendor/laravel/framework/src/Illuminate/Pipeline/Pipeline.php(149): Dingo\\Api\\Http\\Middleware\\RateLimit->handle(Object(Dingo\\Api\\Http\\Request), Object(Closure))
#14 /var/www/ies3/vendor/laravel/framework/src/Illuminate/Routing/Pipeline.php(53): Illuminate\\Pipeline\\Pipeline->Illuminate\\Pipeline\\{closure}(Object(Dingo\\Api\\Http\\Request))
#15 /var/www/ies3/vendor/dingo/api/src/Http/Middleware/PrepareController.php(45): Illuminate\\Routing\\Pipeline->Illuminate\\Routing\\{closure}(Object(Dingo\\Api\\Http\\Request))
#16 /var/www/ies3/vendor/laravel/framework/src/Illuminate/Pipeline/Pipeline.php(149): Dingo\\Api\\Http\\Middleware\\PrepareController->handle(Object(Dingo\\Api\\Http\\Request), Object(Closure))
#17 /var/www/ies3/vendor/laravel/framework/src/Illuminate/Routing/Pipeline.php(53): Illuminate\\Pipeline\\Pipeline->Illuminate\\Pipeline\\{closure}(Object(Dingo\\Api\\Http\\Request))
#18 /var/www/ies3/vendor/laravel/framework/src/Illuminate/Pipeline/Pipeline.php(102): Illuminate\\Routing\\Pipeline->Illuminate\\Routing\\{closure}(Object(Dingo\\Api\\Http\\Request))
#19 /var/www/ies3/vendor/laravel/framework/src/Illuminate/Routing/Router.php(660): Illuminate\\Pipeline\\Pipeline->then(Object(Closure))
#20 /var/www/ies3/vendor/laravel/framework/src/Illuminate/Routing/Router.php(635): Illuminate\\Routing\\Router->runRouteWithinStack(Object(Illuminate\\Routing\\Route), Object(Dingo\\Api\\Http\\Request))
#21 /var/www/ies3/vendor/laravel/framework/src/Illuminate/Routing/Router.php(601): Illuminate\\Routing\\Router->runRoute(Object(Dingo\\Api\\Http\\Request), Object(Illuminate\\Routing\\Route))
#22 /var/www/ies3/vendor/laravel/framework/src/Illuminate/Routing/Router.php(590): Illuminate\\Routing\\Router->dispatchToRoute(Object(Dingo\\Api\\Http\\Request))
#23 /var/www/ies3/vendor/dingo/api/src/Routing/Adapter/Laravel.php(81): Illuminate\\Routing\\Router->dispatch(Object(Dingo\\Api\\Http\\Request))
#24 /var/www/ies3/vendor/dingo/api/src/Routing/Router.php(512): Dingo\\Api\\Routing\\Adapter\\Laravel->dispatch(Object(Dingo\\Api\\Http\\Request), 'v1')
#25 /var/www/ies3/vendor/dingo/api/src/Http/Middleware/Request.php(126): Dingo\\Api\\Routing\\Router->dispatch(Object(Dingo\\Api\\Http\\Request))
#26 /var/www/ies3/vendor/laravel/framework/src/Illuminate/Pipeline/Pipeline.php(114): Dingo\\Api\\Http\\Middleware\\Request->Dingo\\Api\\Http\\Middleware\\{closure}(Object(Dingo\\Api\\Http\\Request))
#27 /var/www/ies3/vendor/fideloper/proxy/src/TrustProxies.php(56): Illuminate\\Pipeline\\Pipeline->Illuminate\\Pipeline\\{closure}(Object(Dingo\\Api\\Http\\Request))
#28 /var/www/ies3/vendor/laravel/framework/src/Illuminate/Pipeline/Pipeline.php(149): Fideloper\\Proxy\\TrustProxies->handle(Object(Dingo\\Api\\Http\\Request), Object(Closure))
#29 /var/www/ies3/vendor/laravel/framework/src/Illuminate/Foundation/Http/Middleware/TransformsRequest.php(30): Illuminate\\Pipeline\\Pipeline->Illuminate\\Pipeline\\{closure}(Object(Dingo\\Api\\Http\\Request))
#30 /var/www/ies3/vendor/laravel/framework/src/Illuminate/Pipeline/Pipeline.php(149): Illuminate\\Foundation\\Http\\Middleware\\TransformsRequest->handle(Object(Dingo\\Api\\Http\\Request), Object(Closure))
#31 /var/www/ies3/vendor/laravel/framework/src/Illuminate/Foundation/Http/Middleware/TransformsRequest.php(30): Illuminate\\Pipeline\\Pipeline->Illuminate\\Pipeline\\{closure}(Object(Dingo\\Api\\Http\\Request))
#32 /var/www/ies3/vendor/laravel/framework/src/Illuminate/Pipeline/Pipeline.php(149): Illuminate\\Foundation\\Http\\Middleware\\TransformsRequest->handle(Object(Dingo\\Api\\Http\\Request), Object(Closure))
#33 /var/www/ies3/vendor/laravel/framework/src/Illuminate/Foundation/Http/Middleware/ValidatePostSize.php(27): Illuminate\\Pipeline\\Pipeline->Illuminate\\Pipeline\\{closure}(Object(Dingo\\Api\\Http\\Request))
#34 /var/www/ies3/vendor/laravel/framework/src/Illuminate/Pipeline/Pipeline.php(149): Illuminate\\Foundation\\Http\\Middleware\\ValidatePostSize->handle(Object(Dingo\\Api\\Http\\Request), Object(Closure))
#35 /var/www/ies3/vendor/laravel/framework/src/Illuminate/Foundation/Http/Middleware/CheckForMaintenanceMode.php(46): Illuminate\\Pipeline\\Pipeline->Illuminate\\Pipeline\\{closure}(Object(Dingo\\Api\\Http\\Request))
#36 /var/www/ies3/vendor/laravel/framework/src/Illuminate/Pipeline/Pipeline.php(149): Illuminate\\Foundation\\Http\\Middleware\\CheckForMaintenanceMode->handle(Object(Dingo\\Api\\Http\\Request), Object(Closure))
#37 /var/www/ies3/vendor/laravel/framework/src/Illuminate/Pipeline/Pipeline.php(102): Illuminate\\Pipeline\\Pipeline->Illuminate\\Pipeline\\{closure}(Object(Dingo\\Api\\Http\\Request))
#38 /var/www/ies3/vendor/dingo/api/src/Http/Middleware/Request.php(127): Illuminate\\Pipeline\\Pipeline->then(Object(Closure))
#39 /var/www/ies3/vendor/dingo/api/src/Http/Middleware/Request.php(103): Dingo\\Api\\Http\\Middleware\\Request->sendRequestThroughRouter(Object(Dingo\\Api\\Http\\Request))
#40 /var/www/ies3/vendor/laravel/framework/src/Illuminate/Pipeline/Pipeline.php(149): Dingo\\Api\\Http\\Middleware\\Request->handle(Object(Dingo\\Api\\Http\\Request), Object(Closure))
#41 /var/www/ies3/vendor/laravel/framework/src/Illuminate/Routing/Pipeline.php(53): Illuminate\\Pipeline\\Pipeline->Illuminate\\Pipeline\\{closure}(Object(Illuminate\\Http\\Request))
#42 /var/www/ies3/vendor/laravel/framework/src/Illuminate/Pipeline/Pipeline.php(102): Illuminate\\Routing\\Pipeline->Illuminate\\Routing\\{closure}(Object(Illuminate\\Http\\Request))
#43 /var/www/ies3/vendor/laravel/framework/src/Illuminate/Foundation/Http/Kernel.php(151): Illuminate\\Pipeline\\Pipeline->then(Object(Closure))
#44 /var/www/ies3/vendor/laravel/framework/src/Illuminate/Foundation/Http/Kernel.php(116): Illuminate\\Foundation\\Http\\Kernel->sendRequestThroughRouter(Object(Illuminate\\Http\\Request))
#45 /var/www/ies3/public/index.php(55): Illuminate\\Foundation\\Http\\Kernel->handle(Object(Illuminate\\Http\\Request))
#46 {main}
"} 
[2019-09-09 14:23:27] local.ERROR: The resource owner or authorization server denied the request. {"exception":"[object] (League\\OAuth2\\Server\\Exception\\OAuthServerException(code: 9): The resource owner or authorization server denied the request. at /var/www/ies3/vendor/league/oauth2-server/src/Exception/OAuthServerException.php:173)
[stacktrace]
#0 /var/www/ies3/app/Services/TeamModel/TeamModelBearerTokenValidator.php(60): League\\OAuth2\\Server\\Exception\\OAuthServerException::accessDenied('Access token co...')
#1 /var/www/ies3/vendor/league/oauth2-server/src/ResourceServer.php(82): App\\Services\\TeamModel\\TeamModelBearerTokenValidator->validateAuthorization(Object(Zend\\Diactoros\\ServerRequest))
#2 /var/www/ies3/app/Services/TeamModel/TeamModelTokenGuard.php(92): League\\OAuth2\\Server\\ResourceServer->validateAuthenticatedRequest(Object(Zend\\Diactoros\\ServerRequest))
#3 /var/www/ies3/app/Services/TeamModel/TeamModelTokenGuard.php(73): App\\Services\\TeamModel\\TeamModelTokenGuard->authenticateViaBearerToken(Object(Dingo\\Api\\Http\\Request))
#4 /var/www/ies3/app/Providers/AuthServiceProvider.php(75): App\\Services\\TeamModel\\TeamModelTokenGuard->user(Object(Dingo\\Api\\Http\\Request))
#5 [internal function]: App\\Providers\\AuthServiceProvider->App\\Providers\\{closure}(Object(Dingo\\Api\\Http\\Request), NULL)
#6 /var/www/ies3/vendor/laravel/framework/src/Illuminate/Auth/RequestGuard.php(58): call_user_func(Object(Closure), Object(Dingo\\Api\\Http\\Request), NULL)
#7 /var/www/ies3/app/Providers/TeamModelDingoProvider.php(57): Illuminate\\Auth\\RequestGuard->user()
#8 /var/www/ies3/vendor/dingo/api/src/Auth/Auth.php(82): App\\Providers\\TeamModelDingoProvider->authenticate(Object(Dingo\\Api\\Http\\Request), Object(Dingo\\Api\\Routing\\Route))
#9 /var/www/ies3/vendor/dingo/api/src/Http/Middleware/Auth.php(52): Dingo\\Api\\Auth\\Auth->authenticate(Array)
#10 /var/www/ies3/vendor/laravel/framework/src/Illuminate/Pipeline/Pipeline.php(149): Dingo\\Api\\Http\\Middleware\\Auth->handle(Object(Dingo\\Api\\Http\\Request), Object(Closure))
#11 /var/www/ies3/vendor/laravel/framework/src/Illuminate/Routing/Pipeline.php(53): Illuminate\\Pipeline\\Pipeline->Illuminate\\Pipeline\\{closure}(Object(Dingo\\Api\\Http\\Request))
#12 /var/www/ies3/vendor/dingo/api/src/Http/Middleware/RateLimit.php(70): Illuminate\\Routing\\Pipeline->Illuminate\\Routing\\{closure}(Object(Dingo\\Api\\Http\\Request))
#13 /var/www/ies3/vendor/laravel/framework/src/Illuminate/Pipeline/Pipeline.php(149): Dingo\\Api\\Http\\Middleware\\RateLimit->handle(Object(Dingo\\Api\\Http\\Request), Object(Closure))
#14 /var/www/ies3/vendor/laravel/framework/src/Illuminate/Routing/Pipeline.php(53): Illuminate\\Pipeline\\Pipeline->Illuminate\\Pipeline\\{closure}(Object(Dingo\\Api\\Http\\Request))
#15 /var/www/ies3/vendor/dingo/api/src/Http/Middleware/PrepareController.php(45): Illuminate\\Routing\\Pipeline->Illuminate\\Routing\\{closure}(Object(Dingo\\Api\\Http\\Request))
#16 /var/www/ies3/vendor/laravel/framework/src/Illuminate/Pipeline/Pipeline.php(149): Dingo\\Api\\Http\\Middleware\\PrepareController->handle(Object(Dingo\\Api\\Http\\Request), Object(Closure))
#17 /var/www/ies3/vendor/laravel/framework/src/Illuminate/Routing/Pipeline.php(53): Illuminate\\Pipeline\\Pipeline->Illuminate\\Pipeline\\{closure}(Object(Dingo\\Api\\Http\\Request))
#18 /var/www/ies3/vendor/laravel/framework/src/Illuminate/Pipeline/Pipeline.php(102): Illuminate\\Routing\\Pipeline->Illuminate\\Routing\\{closure}(Object(Dingo\\Api\\Http\\Request))
#19 /var/www/ies3/vendor/laravel/framework/src/Illuminate/Routing/Router.php(660): Illuminate\\Pipeline\\Pipeline->then(Object(Closure))
#20 /var/www/ies3/vendor/laravel/framework/src/Illuminate/Routing/Router.php(635): Illuminate\\Routing\\Router->runRouteWithinStack(Object(Illuminate\\Routing\\Route), Object(Dingo\\Api\\Http\\Request))
#21 /var/www/ies3/vendor/laravel/framework/src/Illuminate/Routing/Router.php(601): Illuminate\\Routing\\Router->runRoute(Object(Dingo\\Api\\Http\\Request), Object(Illuminate\\Routing\\Route))
#22 /var/www/ies3/vendor/laravel/framework/src/Illuminate/Routing/Router.php(590): Illuminate\\Routing\\Router->dispatchToRoute(Object(Dingo\\Api\\Http\\Request))
#23 /var/www/ies3/vendor/dingo/api/src/Routing/Adapter/Laravel.php(81): Illuminate\\Routing\\Router->dispatch(Object(Dingo\\Api\\Http\\Request))
#24 /var/www/ies3/vendor/dingo/api/src/Routing/Router.php(512): Dingo\\Api\\Routing\\Adapter\\Laravel->dispatch(Object(Dingo\\Api\\Http\\Request), 'v1')
#25 /var/www/ies3/vendor/dingo/api/src/Http/Middleware/Request.php(126): Dingo\\Api\\Routing\\Router->dispatch(Object(Dingo\\Api\\Http\\Request))
#26 /var/www/ies3/vendor/laravel/framework/src/Illuminate/Pipeline/Pipeline.php(114): Dingo\\Api\\Http\\Middleware\\Request->Dingo\\Api\\Http\\Middleware\\{closure}(Object(Dingo\\Api\\Http\\Request))
#27 /var/www/ies3/vendor/fideloper/proxy/src/TrustProxies.php(56): Illuminate\\Pipeline\\Pipeline->Illuminate\\Pipeline\\{closure}(Object(Dingo\\Api\\Http\\Request))
#28 /var/www/ies3/vendor/laravel/framework/src/Illuminate/Pipeline/Pipeline.php(149): Fideloper\\Proxy\\TrustProxies->handle(Object(Dingo\\Api\\Http\\Request), Object(Closure))
#29 /var/www/ies3/vendor/laravel/framework/src/Illuminate/Foundation/Http/Middleware/TransformsRequest.php(30): Illuminate\\Pipeline\\Pipeline->Illuminate\\Pipeline\\{closure}(Object(Dingo\\Api\\Http\\Request))
#30 /var/www/ies3/vendor/laravel/framework/src/Illuminate/Pipeline/Pipeline.php(149): Illuminate\\Foundation\\Http\\Middleware\\TransformsRequest->handle(Object(Dingo\\Api\\Http\\Request), Object(Closure))
#31 /var/www/ies3/vendor/laravel/framework/src/Illuminate/Foundation/Http/Middleware/TransformsRequest.php(30): Illuminate\\Pipeline\\Pipeline->Illuminate\\Pipeline\\{closure}(Object(Dingo\\Api\\Http\\Request))
#32 /var/www/ies3/vendor/laravel/framework/src/Illuminate/Pipeline/Pipeline.php(149): Illuminate\\Foundation\\Http\\Middleware\\TransformsRequest->handle(Object(Dingo\\Api\\Http\\Request), Object(Closure))
#33 /var/www/ies3/vendor/laravel/framework/src/Illuminate/Foundation/Http/Middleware/ValidatePostSize.php(27): Illuminate\\Pipeline\\Pipeline->Illuminate\\Pipeline\\{closure}(Object(Dingo\\Api\\Http\\Request))
#34 /var/www/ies3/vendor/laravel/framework/src/Illuminate/Pipeline/Pipeline.php(149): Illuminate\\Foundation\\Http\\Middleware\\ValidatePostSize->handle(Object(Dingo\\Api\\Http\\Request), Object(Closure))
#35 /var/www/ies3/vendor/laravel/framework/src/Illuminate/Foundation/Http/Middleware/CheckForMaintenanceMode.php(46): Illuminate\\Pipeline\\Pipeline->Illuminate\\Pipeline\\{closure}(Object(Dingo\\Api\\Http\\Request))
#36 /var/www/ies3/vendor/laravel/framework/src/Illuminate/Pipeline/Pipeline.php(149): Illuminate\\Foundation\\Http\\Middleware\\CheckForMaintenanceMode->handle(Object(Dingo\\Api\\Http\\Request), Object(Closure))
#37 /var/www/ies3/vendor/laravel/framework/src/Illuminate/Pipeline/Pipeline.php(102): Illuminate\\Pipeline\\Pipeline->Illuminate\\Pipeline\\{closure}(Object(Dingo\\Api\\Http\\Request))
#38 /var/www/ies3/vendor/dingo/api/src/Http/Middleware/Request.php(127): Illuminate\\Pipeline\\Pipeline->then(Object(Closure))
#39 /var/www/ies3/vendor/dingo/api/src/Http/Middleware/Request.php(103): Dingo\\Api\\Http\\Middleware\\Request->sendRequestThroughRouter(Object(Dingo\\Api\\Http\\Request))
#40 /var/www/ies3/vendor/laravel/framework/src/Illuminate/Pipeline/Pipeline.php(149): Dingo\\Api\\Http\\Middleware\\Request->handle(Object(Dingo\\Api\\Http\\Request), Object(Closure))
#41 /var/www/ies3/vendor/laravel/framework/src/Illuminate/Routing/Pipeline.php(53): Illuminate\\Pipeline\\Pipeline->Illuminate\\Pipeline\\{closure}(Object(Illuminate\\Http\\Request))
#42 /var/www/ies3/vendor/laravel/framework/src/Illuminate/Pipeline/Pipeline.php(102): Illuminate\\Routing\\Pipeline->Illuminate\\Routing\\{closure}(Object(Illuminate\\Http\\Request))
#43 /var/www/ies3/vendor/laravel/framework/src/Illuminate/Foundation/Http/Kernel.php(151): Illuminate\\Pipeline\\Pipeline->then(Object(Closure))
#44 /var/www/ies3/vendor/laravel/framework/src/Illuminate/Foundation/Http/Kernel.php(116): Illuminate\\Foundation\\Http\\Kernel->sendRequestThroughRouter(Object(Illuminate\\Http\\Request))
#45 /var/www/ies3/public/index.php(55): Illuminate\\Foundation\\Http\\Kernel->handle(Object(Illuminate\\Http\\Request))
#46 {main}
"} 
